Build target 'STC8x'
compiling STC8x_ADC.c...
compiling STC8x_COMP.c...
compiling STC8x_EEPROM.c...
compiling STC8x_GPIO.c...
compiling STC8x_I2C.c...
compiling STC8x_PCA.c...
compiling STC8x_POWER.c...
compiling STC8x_PWM.c...
compiling STC8x_RST.c...
compiling STC8x_SPI.c...
compiling STC8x_SYSCLK.c...
compiling STC8x_TIMER.c...
compiling STC8x_UART.c...
compiling STC8x_WDT.c...
compiling STC8x_MDU16.c...
compiling PreDelay.c...
compiling PrintfRed.c...
compiling TMT.c...
compiling KeyScan.c...
compiling drv_oled.c...
compiling main.c...
compiling init.c...
compiling isr.c...
linking...
Program Size: data=9.0 xdata=45 const=27 code=3285
creating hex file from ".\build\output"...
".\build\output" - 0 Error(s), 0 Warning(s).
Build Time Elapsed:  00:00:02
