[2021-04-18 22:39:03]	[done]
	build successfully !

[2021-04-18 22:50:09]	[done]
	build successfully !

[2021-04-18 23:00:12]	[done]
	build successfully !

[2021-04-19 00:34:18]	[done]
	build successfully !

[2021-04-19 12:09:23]	compilation failed at : "d:\OneDrive\Desktop\ELL-8051-LIB\libraries\components\TMT\TMT.c", exit code: 2
   在 unify_builder.Program.Main(String[] args)

[2021-04-19 12:09:47]	[done]
	build successfully !

[2021-04-23 01:11:33]	[done]
	build successfully !

[2021-04-23 01:15:42]	[done]
	build successfully !

[2021-04-23 01:17:34]	compilation failed at : "d:\OneDrive\Desktop\ELL-8051-LIB\project\VsCode_STC8Hx\main\main.c", exit code: 2
   在 unify_builder.Program.Main(String[] args)

[2021-04-23 01:17:52]	[done]
	build successfully !

[2021-04-23 01:18:11]	[done]
	build successfully !

[2021-04-23 01:18:43]	[done]
	build successfully !

[2021-04-23 01:19:32]	[done]
	build successfully !

[2021-04-23 01:20:23]	[done]
	build successfully !

[2021-04-23 01:20:44]	[done]
	build successfully !

[2021-04-23 01:20:49]	[done]
	build successfully !

